2023.05.29 20:23:21 INFO  Started: Metals version 0.11.12 in workspace 'C:\Users\Nithin KM\Desktop\website\my-app' for client Visual Studio Code 1.78.2.
May 29, 2023 8:23:21 PM org.flywaydb.core.internal.license.VersionPrinter printVersionOnly
INFO: Flyway Community Edition 9.16.3 by Redgate
May 29, 2023 8:23:21 PM org.flywaydb.core.internal.license.VersionPrinter printVersion
INFO: See release notes here: https://rd.gt/416ObMi
May 29, 2023 8:23:21 PM org.flywaydb.core.internal.license.VersionPrinter printVersion
INFO: 
May 29, 2023 8:23:21 PM org.flywaydb.core.internal.database.base.BaseDatabaseType createDatabase
INFO: Database: jdbc:h2:file:C:\Users\Nithin KM\Desktop\website\my-app\.metals\metals (H2 2.1)
May 29, 2023 8:23:21 PM org.flywaydb.core.internal.schemahistory.JdbcTableSchemaHistory allAppliedMigrations
INFO: Schema history table "PUBLIC"."flyway_schema_history" does not exist yet
May 29, 2023 8:23:21 PM org.flywaydb.core.internal.command.DbValidate validate
INFO: Successfully validated 4 migrations (execution time 00:00.015s)
May 29, 2023 8:23:21 PM org.flywaydb.core.internal.schemahistory.JdbcTableSchemaHistory create
INFO: Creating Schema History table "PUBLIC"."flyway_schema_history" ...
May 29, 2023 8:23:21 PM org.flywaydb.core.internal.command.DbMigrate migrateGroup
INFO: Current version of schema "PUBLIC": << Empty Schema >>
May 29, 2023 8:23:21 PM org.flywaydb.core.internal.command.DbMigrate doMigrateGroup
INFO: Migrating schema "PUBLIC" to version "1 - Create tables"
May 29, 2023 8:23:21 PM org.flywaydb.core.internal.command.DbMigrate doMigrateGroup
INFO: Migrating schema "PUBLIC" to version "2 - Server discovery"
May 29, 2023 8:23:21 PM org.flywaydb.core.internal.command.DbMigrate doMigrateGroup
INFO: Migrating schema "PUBLIC" to version "3 - Jar symbols"
May 29, 2023 8:23:21 PM org.flywaydb.core.internal.command.DbMigrate doMigrateGroup
INFO: Migrating schema "PUBLIC" to version "4 - Fingerprints"
May 29, 2023 8:23:21 PM org.flywaydb.core.internal.command.DbMigrate logSummary
INFO: Successfully applied 4 migrations to schema "PUBLIC", now at version v4 (execution time 00:00.051s)
2023.05.29 20:23:22 INFO  time: initialize in 0.59s
2023.05.29 20:23:24 WARN  Build server is not auto-connectable.
May 30, 2023 7:16:46 PM org.eclipse.lsp4j.jsonrpc.services.GenericEndpoint notify
INFO: Unsupported notification method: $/setTrace
2023.05.31 19:32:18 INFO  Shutting down server
2023.05.31 19:32:18 INFO  shutting down Metals
2023.05.31 19:32:18 INFO  Exiting server
2023.06.12 19:22:00 INFO  Started: Metals version 0.11.12 in workspace 'C:\Users\Nithin KM\Desktop\website\my-app' for client Visual Studio Code 1.78.2.
Jun 12, 2023 7:22:00 PM org.flywaydb.core.internal.license.VersionPrinter printVersionOnly
INFO: Flyway Community Edition 9.16.3 by Redgate
Jun 12, 2023 7:22:00 PM org.flywaydb.core.internal.license.VersionPrinter printVersion
INFO: See release notes here: https://rd.gt/416ObMi
Jun 12, 2023 7:22:00 PM org.flywaydb.core.internal.license.VersionPrinter printVersion
INFO: 
Jun 12, 2023 7:22:01 PM org.flywaydb.core.internal.database.base.BaseDatabaseType createDatabase
INFO: Database: jdbc:h2:file:C:\Users\Nithin KM\Desktop\website\my-app\.metals\metals (H2 2.1)
Jun 12, 2023 7:22:01 PM org.flywaydb.core.internal.command.DbValidate validate
INFO: Successfully validated 4 migrations (execution time 00:00.020s)
Jun 12, 2023 7:22:01 PM org.flywaydb.core.internal.command.DbMigrate migrateGroup
INFO: Current version of schema "PUBLIC": 4
Jun 12, 2023 7:22:01 PM org.flywaydb.core.internal.command.DbMigrate logSummary
INFO: Schema "PUBLIC" is up to date. No migration necessary.
2023.06.12 19:22:01 INFO  time: initialize in 0.59s
2023.06.12 19:22:03 WARN  Build server is not auto-connectable.
Jun 12, 2023 8:44:16 PM org.eclipse.lsp4j.jsonrpc.services.GenericEndpoint notify
INFO: Unsupported notification method: $/setTrace
Jun 12, 2023 8:44:22 PM org.eclipse.lsp4j.jsonrpc.services.GenericEndpoint notify
INFO: Unsupported notification method: $/setTrace
Jun 12, 2023 8:44:23 PM org.eclipse.lsp4j.jsonrpc.services.GenericEndpoint notify
INFO: Unsupported notification method: $/setTrace
Jun 12, 2023 8:44:25 PM org.eclipse.lsp4j.jsonrpc.services.GenericEndpoint notify
INFO: Unsupported notification method: $/setTrace
Jun 12, 2023 8:44:28 PM org.eclipse.lsp4j.jsonrpc.services.GenericEndpoint notify
INFO: Unsupported notification method: $/setTrace
Jun 13, 2023 4:08:05 PM org.eclipse.lsp4j.jsonrpc.services.GenericEndpoint notify
INFO: Unsupported notification method: $/setTrace
Jun 13, 2023 4:08:14 PM org.eclipse.lsp4j.jsonrpc.services.GenericEndpoint notify
INFO: Unsupported notification method: $/setTrace
